# JRE version: OpenJDK Runtime Environment Temurin-17.0.5+8 (17.0.5+8) (build 17.0.5+8)
# Java VM: OpenJDK 64-Bit Server VM Temurin-17.0.5+8 (17.0.5+8, mixed mode, sharing, tiered, compressed oops, compressed class ptrs, g1 gc, windows-amd64)
GC Precious Log:
 CPUs: 4 total, 4 available
 Memory: 8028M
 Large Page Support: Disabled
 NUMA Support: Disabled
 Compressed Oops: Enabled (32-bit)
 Heap Region Size: 1M
 Heap Min Capacity: 8M
 Heap Initial Capacity: 126M
 Heap Max Capacity: 2008M
 Pre-touch: Disabled
 Parallel Workers: 4
 Concurrent Workers: 1
 Concurrent Refinement Workers: 4
 Periodic GC: Disabled
Heap:
 garbage-first heap   total 283648K, used 183579K [0x0000000082800000, 0x0000000100000000)
  region size 1024K, 7 young (7168K), 7 survivors (7168K)
 Metaspace       used 83977K, committed 85248K, reserved 1122304K
  class space    used 11687K, committed 12288K, reserved 1048576K
GC Heap History (20 events):
Event: 90.715 GC heap after
{Heap after GC invocations=37 (full 0):
 garbage-first heap   total 283648K, used 157289K [0x0000000082800000, 0x0000000100000000)
  region size 1024K, 1 young (1024K), 1 survivors (1024K)
 Metaspace       used 61836K, committed 62912K, reserved 1105920K
  class space    used 8509K, committed 9024K, reserved 1048576K
}
Event: 94.082 GC heap before
{Heap before GC invocations=37 (full 0):
 garbage-first heap   total 283648K, used 232041K [0x0000000082800000, 0x0000000100000000)
  region size 1024K, 74 young (75776K), 1 survivors (1024K)
 Metaspace       used 67011K, committed 68160K, reserved 1114112K
  class space    used 9293K, committed 9792K, reserved 1048576K
}
Event: 94.097 GC heap after
{Heap after GC invocations=38 (full 0):
 garbage-first heap   total 283648K, used 160894K [0x0000000082800000, 0x0000000100000000)
  region size 1024K, 5 young (5120K), 5 survivors (5120K)
 Metaspace       used 67011K, committed 68160K, reserved 1114112K
  class space    used 9293K, committed 9792K, reserved 1048576K
}
Event: 97.721 GC heap before
{Heap before GC invocations=38 (full 0):
 garbage-first heap   total 283648K, used 232574K [0x0000000082800000, 0x0000000100000000)
  region size 1024K, 76 young (77824K), 5 survivors (5120K)
 Metaspace       used 70586K, committed 71808K, reserved 1114112K
  class space    used 9775K, committed 10304K, reserved 1048576K
}
Event: 97.741 GC heap after
{Heap after GC invocations=39 (full 0):
 garbage-first heap   total 283648K, used 165758K [0x0000000082800000, 0x0000000100000000)
  region size 1024K, 9 young (9216K), 9 survivors (9216K)
 Metaspace       used 70586K, committed 71808K, reserved 1114112K
  class space    used 9775K, committed 10304K, reserved 1048576K
}
Event: 101.930 GC heap before
{Heap before GC invocations=39 (full 0):
 garbage-first heap   total 283648K, used 235390K [0x0000000082800000, 0x0000000100000000)
  region size 1024K, 78 young (79872K), 9 survivors (9216K)
 Metaspace       used 76506K, committed 77696K, reserved 1122304K
  class space    used 10524K, committed 11008K, reserved 1048576K
}
Event: 101.957 GC heap after
{Heap after GC invocations=40 (full 0):
 garbage-first heap   total 283648K, used 170371K [0x0000000082800000, 0x0000000100000000)
  region size 1024K, 10 young (10240K), 10 survivors (10240K)
 Metaspace       used 76506K, committed 77696K, reserved 1122304K
  class space    used 10524K, committed 11008K, reserved 1048576K
}
Event: 105.498 GC heap before
{Heap before GC invocations=40 (full 0):
 garbage-first heap   total 283648K, used 237955K [0x0000000082800000, 0x0000000100000000)
  region size 1024K, 74 young (75776K), 10 survivors (10240K)
 Metaspace       used 79955K, committed 81088K, reserved 1122304K
  class space    used 11101K, committed 11584K, reserved 1048576K
}
Event: 105.519 GC heap after
{Heap after GC invocations=41 (full 0):
 garbage-first heap   total 283648K, used 172596K [0x0000000082800000, 0x0000000100000000)
  region size 1024K, 7 young (7168K), 7 survivors (7168K)
 Metaspace       used 79955K, committed 81088K, reserved 1122304K
  class space    used 11101K, committed 11584K, reserved 1048576K
}
Event: 107.908 GC heap before
{Heap before GC invocations=41 (full 0):
 garbage-first heap   total 283648K, used 239156K [0x0000000082800000, 0x0000000100000000)
  region size 1024K, 72 young (73728K), 7 survivors (7168K)
 Metaspace       used 82525K, committed 83776K, reserved 1122304K
  class space    used 11498K, committed 12096K, reserved 1048576K
}
Event: 107.928 GC heap after
{Heap after GC invocations=42 (full 0):
 garbage-first heap   total 283648K, used 176314K [0x0000000082800000, 0x0000000100000000)
  region size 1024K, 6 young (6144K), 6 survivors (6144K)
 Metaspace       used 82525K, committed 83776K, reserved 1122304K
  class space    used 11498K, committed 12096K, reserved 1048576K
}
Event: 108.114 GC heap before
{Heap before GC invocations=42 (full 0):
 garbage-first heap   total 283648K, used 238778K [0x0000000082800000, 0x0000000100000000)
  region size 1024K, 68 young (69632K), 6 survivors (6144K)
 Metaspace       used 82607K, committed 83840K, reserved 1122304K
  class space    used 11515K, committed 12096K, reserved 1048576K
}
Event: 108.130 GC heap after
{Heap after GC invocations=43 (full 0):
 garbage-first heap   total 283648K, used 178449K [0x0000000082800000, 0x0000000100000000)
  region size 1024K, 6 young (6144K), 6 survivors (6144K)
 Metaspace       used 82607K, committed 83840K, reserved 1122304K
  class space    used 11515K, committed 12096K, reserved 1048576K
}
Event: 108.338 GC heap before
{Heap before GC invocations=43 (full 0):
 garbage-first heap   total 283648K, used 240913K [0x0000000082800000, 0x0000000100000000)
  region size 1024K, 67 young (68608K), 6 survivors (6144K)
 Metaspace       used 82837K, committed 84096K, reserved 1122304K
  class space    used 11540K, committed 12096K, reserved 1048576K
}
Event: 108.352 GC heap after
{Heap after GC invocations=44 (full 0):
 garbage-first heap   total 283648K, used 180188K [0x0000000082800000, 0x0000000100000000)
  region size 1024K, 6 young (6144K), 6 survivors (6144K)
 Metaspace       used 82837K, committed 84096K, reserved 1122304K
  class space    used 11540K, committed 12096K, reserved 1048576K
}
Event: 108.539 GC heap before
{Heap before GC invocations=44 (full 0):
 garbage-first heap   total 283648K, used 240604K [0x0000000082800000, 0x0000000100000000)
  region size 1024K, 66 young (67584K), 6 survivors (6144K)
 Metaspace       used 82926K, committed 84224K, reserved 1122304K
  class space    used 11560K, committed 12160K, reserved 1048576K
}
Event: 108.547 GC heap after
{Heap after GC invocations=45 (full 0):
 garbage-first heap   total 283648K, used 180370K [0x0000000082800000, 0x0000000100000000)
  region size 1024K, 4 young (4096K), 4 survivors (4096K)
 Metaspace       used 82926K, committed 84224K, reserved 1122304K
  class space    used 11560K, committed 12160K, reserved 1048576K
}
Event: 108.644 GC heap before
{Heap before GC invocations=45 (full 0):
 garbage-first heap   total 283648K, used 242834K [0x0000000082800000, 0x0000000100000000)
  region size 1024K, 66 young (67584K), 4 survivors (4096K)
 Metaspace       used 82982K, committed 84288K, reserved 1122304K
  class space    used 11568K, committed 12160K, reserved 1048576K
}
Event: 108.656 GC heap after
{Heap after GC invocations=46 (full 0):
 garbage-first heap   total 283648K, used 180375K [0x0000000082800000, 0x0000000100000000)
  region size 1024K, 4 young (4096K), 4 survivors (4096K)
 Metaspace       used 82982K, committed 84288K, reserved 1122304K
  class space    used 11568K, committed 12160K, reserved 1048576K
}
Event: 112.395 GC heap before
{Heap before GC invocations=46 (full 0):
 garbage-first heap   total 283648K, used 244887K [0x0000000082800000, 0x0000000100000000)
  region size 1024K, 68 young (69632K), 4 survivors (4096K)
 Metaspace       used 83977K, committed 85248K, reserved 1122304K
  class space    used 11687K, committed 12288K, reserved 1048576K
}

